# JRE version: OpenJDK Runtime Environment (8.0_242-b01) (build 1.8.0_242-release-1644-b01)
# Java VM: OpenJDK 64-Bit Server VM (25.242-b01 mixed mode windows-amd64 compressed oops)
Heap:
 PSYoungGen      total 346112K, used 162044K [0x00000000d5580000, 0x00000000f2880000, 0x0000000100000000)
  eden space 298496K, 46% used [0x00000000d5580000,0x00000000ddbeaf78,0x00000000e7900000)
  from space 47616K, 51% used [0x00000000e7900000,0x00000000e90d40f8,0x00000000ea780000)
  to   space 47104K, 0% used [0x00000000efa80000,0x00000000efa80000,0x00000000f2880000)
 ParOldGen       total 210432K, used 100834K [0x0000000080000000, 0x000000008cd80000, 0x00000000d5580000)
  object space 210432K, 47% used [0x0000000080000000,0x0000000086278a40,0x000000008cd80000)
 Metaspace       used 102999K, capacity 108268K, committed 108364K, reserved 1142784K
  class space    used 13480K, capacity 14696K, committed 14708K, reserved 1048576K
GC Heap History (10 events):
Event: 908.106 GC heap before
{Heap before GC invocations=21 (full 3):
 PSYoungGen      total 278016K, used 46061K [0x00000000d5580000, 0x00000000ead00000, 0x0000000100000000)
  eden space 249856K, 7% used [0x00000000d5580000,0x00000000d66fea30,0x00000000e4980000)
  from space 28160K, 99% used [0x00000000e4980000,0x00000000e64fcc40,0x00000000e6500000)
  to   space 33280K, 0% used [0x00000000e8c80000,0x00000000e8c80000,0x00000000ead00000)
 ParOldGen       total 136704K, used 62442K [0x0000000080000000, 0x0000000088580000, 0x00000000d5580000)
  object space 136704K, 45% used [0x0000000080000000,0x0000000083cfa9b0,0x0000000088580000)
 Metaspace       used 93215K, capacity 98260K, committed 98380K, reserved 1134592K
  class space    used 12517K, capacity 13590K, committed 13684K, reserved 1048576K
Event: 908.121 GC heap after
Heap after GC invocations=21 (full 3):
 PSYoungGen      total 306176K, used 1818K [0x00000000d5580000, 0x00000000ea700000, 0x0000000100000000)
  eden space 279040K, 0% used [0x00000000d5580000,0x00000000d5580000,0x00000000e6600000)
  from space 27136K, 6% used [0x00000000e8c80000,0x00000000e8e46b98,0x00000000ea700000)
  to   space 33280K, 0% used [0x00000000e6600000,0x00000000e6600000,0x00000000e8680000)
 ParOldGen       total 136704K, used 85714K [0x0000000080000000, 0x0000000088580000, 0x00000000d5580000)
  object space 136704K, 62% used [0x0000000080000000,0x00000000853b4be8,0x0000000088580000)
 Metaspace       used 93215K, capacity 98260K, committed 98380K, reserved 1134592K
  class space    used 12517K, capacity 13590K, committed 13684K, reserved 1048576K
}
Event: 908.122 GC heap before
{Heap before GC invocations=22 (full 4):
 PSYoungGen      total 306176K, used 1818K [0x00000000d5580000, 0x00000000ea700000, 0x0000000100000000)
  eden space 279040K, 0% used [0x00000000d5580000,0x00000000d5580000,0x00000000e6600000)
  from space 27136K, 6% used [0x00000000e8c80000,0x00000000e8e46b98,0x00000000ea700000)
  to   space 33280K, 0% used [0x00000000e6600000,0x00000000e6600000,0x00000000e8680000)
 ParOldGen       total 136704K, used 85714K [0x0000000080000000, 0x0000000088580000, 0x00000000d5580000)
  object space 136704K, 62% used [0x0000000080000000,0x00000000853b4be8,0x0000000088580000)
 Metaspace       used 93215K, capacity 98260K, committed 98380K, reserved 1134592K
  class space    used 12517K, capacity 13590K, committed 13684K, reserved 1048576K
Event: 908.610 GC heap after
Heap after GC invocations=22 (full 4):
 PSYoungGen      total 306176K, used 0K [0x00000000d5580000, 0x00000000ea700000, 0x0000000100000000)
  eden space 279040K, 0% used [0x00000000d5580000,0x00000000d5580000,0x00000000e6600000)
  from space 27136K, 0% used [0x00000000e8c80000,0x00000000e8c80000,0x00000000ea700000)
  to   space 33280K, 0% used [0x00000000e6600000,0x00000000e6600000,0x00000000e8680000)
 ParOldGen       total 210432K, used 62725K [0x0000000080000000, 0x000000008cd80000, 0x00000000d5580000)
  object space 210432K, 29% used [0x0000000080000000,0x0000000083d41578,0x000000008cd80000)
 Metaspace       used 92964K, capacity 97508K, committed 98380K, reserved 1134592K
  class space    used 12436K, capacity 13446K, committed 13684K, reserved 1048576K
}
Event: 968.399 GC heap before
{Heap before GC invocations=23 (full 4):
 PSYoungGen      total 306176K, used 279040K [0x00000000d5580000, 0x00000000ea700000, 0x0000000100000000)
  eden space 279040K, 100% used [0x00000000d5580000,0x00000000e6600000,0x00000000e6600000)
  from space 27136K, 0% used [0x00000000e8c80000,0x00000000e8c80000,0x00000000ea700000)
  to   space 33280K, 0% used [0x00000000e6600000,0x00000000e6600000,0x00000000e8680000)
 ParOldGen       total 210432K, used 62725K [0x0000000080000000, 0x000000008cd80000, 0x00000000d5580000)
  object space 210432K, 29% used [0x0000000080000000,0x0000000083d41578,0x000000008cd80000)
 Metaspace       used 97139K, capacity 102352K, committed 102476K, reserved 1138688K
  class space    used 12910K, capacity 14100K, committed 14196K, reserved 1048576K
Event: 968.464 GC heap after
Heap after GC invocations=23 (full 4):
 PSYoungGen      total 312320K, used 19493K [0x00000000d5580000, 0x00000000ec880000, 0x0000000100000000)
  eden space 279040K, 0% used [0x00000000d5580000,0x00000000d5580000,0x00000000e6600000)
  from space 33280K, 58% used [0x00000000e6600000,0x00000000e7909428,0x00000000e8680000)
  to   space 33792K, 0% used [0x00000000ea780000,0x00000000ea780000,0x00000000ec880000)
 ParOldGen       total 210432K, used 62733K [0x0000000080000000, 0x000000008cd80000, 0x00000000d5580000)
  object space 210432K, 29% used [0x0000000080000000,0x0000000083d43578,0x000000008cd80000)
 Metaspace       used 97139K, capacity 102352K, committed 102476K, reserved 1138688K
  class space    used 12910K, capacity 14100K, committed 14196K, reserved 1048576K
}
Event: 971.902 GC heap before
{Heap before GC invocations=24 (full 4):
 PSYoungGen      total 312320K, used 298533K [0x00000000d5580000, 0x00000000ec880000, 0x0000000100000000)
  eden space 279040K, 100% used [0x00000000d5580000,0x00000000e6600000,0x00000000e6600000)
  from space 33280K, 58% used [0x00000000e6600000,0x00000000e7909428,0x00000000e8680000)
  to   space 33792K, 0% used [0x00000000ea780000,0x00000000ea780000,0x00000000ec880000)
 ParOldGen       total 210432K, used 62733K [0x0000000080000000, 0x000000008cd80000, 0x00000000d5580000)
  object space 210432K, 29% used [0x0000000080000000,0x0000000083d43578,0x000000008cd80000)
 Metaspace       used 98741K, capacity 104002K, committed 104140K, reserved 1138688K
  class space    used 13044K, capacity 14243K, committed 14324K, reserved 1048576K
Event: 972.020 GC heap after
Heap after GC invocations=24 (full 4):
 PSYoungGen      total 332288K, used 33777K [0x00000000d5580000, 0x00000000ef280000, 0x0000000100000000)
  eden space 298496K, 0% used [0x00000000d5580000,0x00000000d5580000,0x00000000e7900000)
  from space 33792K, 99% used [0x00000000ea780000,0x00000000ec87c520,0x00000000ec880000)
  to   space 47616K, 0% used [0x00000000e7900000,0x00000000e7900000,0x00000000ea780000)
 ParOldGen       total 210432K, used 84635K [0x0000000080000000, 0x000000008cd80000, 0x00000000d5580000)
  object space 210432K, 40% used [0x0000000080000000,0x00000000852a6e10,0x000000008cd80000)
 Metaspace       used 98741K, capacity 104002K, committed 104140K, reserved 1138688K
  class space    used 13044K, capacity 14243K, committed 14324K, reserved 1048576K
}
Event: 975.163 GC heap before
{Heap before GC invocations=25 (full 4):
 PSYoungGen      total 332288K, used 332254K [0x00000000d5580000, 0x00000000ef280000, 0x0000000100000000)
  eden space 298496K, 99% used [0x00000000d5580000,0x00000000e78fb5c0,0x00000000e7900000)
  from space 33792K, 99% used [0x00000000ea780000,0x00000000ec87c520,0x00000000ec880000)
  to   space 47616K, 0% used [0x00000000e7900000,0x00000000e7900000,0x00000000ea780000)
 ParOldGen       total 210432K, used 84635K [0x0000000080000000, 0x000000008cd80000, 0x00000000d5580000)
  object space 210432K, 40% used [0x0000000080000000,0x00000000852a6e10,0x000000008cd80000)
 Metaspace       used 101656K, capacity 106884K, committed 107212K, reserved 1142784K
  class space    used 13346K, capacity 14548K, committed 14580K, reserved 1048576K
Event: 975.683 GC heap after
Heap after GC invocations=25 (full 4):
 PSYoungGen      total 346112K, used 24400K [0x00000000d5580000, 0x00000000f2880000, 0x0000000100000000)
  eden space 298496K, 0% used [0x00000000d5580000,0x00000000d5580000,0x00000000e7900000)
  from space 47616K, 51% used [0x00000000e7900000,0x00000000e90d40f8,0x00000000ea780000)
  to   space 47104K, 0% used [0x00000000efa80000,0x00000000efa80000,0x00000000f2880000)
 ParOldGen       total 210432K, used 100834K [0x0000000080000000, 0x000000008cd80000, 0x00000000d5580000)
  object space 210432K, 47% used [0x0000000080000000,0x0000000086278a40,0x000000008cd80000)
 Metaspace       used 101656K, capacity 106884K, committed 107212K, reserved 1142784K
  class space    used 13346K, capacity 14548K, committed 14580K, reserved 1048576K
}

