# JRE version: OpenJDK Runtime Environment (8.0_242-b01) (build 1.8.0_242-release-1644-b01)
# Java VM: OpenJDK 64-Bit Server VM (25.242-b01 mixed mode windows-amd64 compressed oops)
Heap:
 PSYoungGen      total 359936K, used 120351K [0x00000000d6180000, 0x00000000f3900000, 0x0000000100000000)
  eden space 258560K, 8% used [0x00000000d6180000,0x00000000d75d65b8,0x00000000e5e00000)
  from space 101376K, 98% used [0x00000000ec600000,0x00000000f2731818,0x00000000f2900000)
  to   space 106496K, 0% used [0x00000000e5e00000,0x00000000e5e00000,0x00000000ec600000)
 ParOldGen       total 254976K, used 159553K [0x0000000082400000, 0x0000000091d00000, 0x00000000d6180000)
  object space 254976K, 62% used [0x0000000082400000,0x000000008bfd0700,0x0000000091d00000)
 Metaspace       used 73312K, capacity 75197K, committed 75520K, reserved 1116160K
  class space    used 8160K, capacity 8584K, committed 8704K, reserved 1048576K
GC Heap History (10 events):
Event: 23.081 GC heap before
{Heap before GC invocations=17 (full 3):
 PSYoungGen      total 257024K, used 257016K [0x00000000d6180000, 0x00000000ecf00000, 0x0000000100000000)
  eden space 195072K, 100% used [0x00000000d6180000,0x00000000e2000000,0x00000000e2000000)
  from space 61952K, 99% used [0x00000000e2000000,0x00000000e5c7e3b8,0x00000000e5c80000)
  to   space 71168K, 0% used [0x00000000e8980000,0x00000000e8980000,0x00000000ecf00000)
 ParOldGen       total 254976K, used 109499K [0x0000000082400000, 0x0000000091d00000, 0x00000000d6180000)
  object space 254976K, 42% used [0x0000000082400000,0x0000000088eeec40,0x0000000091d00000)
 Metaspace       used 63765K, capacity 65441K, committed 65664K, reserved 1107968K
  class space    used 7316K, capacity 7714K, committed 7808K, reserved 1048576K
Event: 23.159 GC heap after
Heap after GC invocations=17 (full 3):
 PSYoungGen      total 289792K, used 71149K [0x00000000d6180000, 0x00000000eeb80000, 0x0000000100000000)
  eden space 218624K, 0% used [0x00000000d6180000,0x00000000d6180000,0x00000000e3700000)
  from space 71168K, 99% used [0x00000000e8980000,0x00000000ecefb798,0x00000000ecf00000)
  to   space 84480K, 0% used [0x00000000e3700000,0x00000000e3700000,0x00000000e8980000)
 ParOldGen       total 254976K, used 116393K [0x0000000082400000, 0x0000000091d00000, 0x00000000d6180000)
  object space 254976K, 45% used [0x0000000082400000,0x00000000895aa5c8,0x0000000091d00000)
 Metaspace       used 63765K, capacity 65441K, committed 65664K, reserved 1107968K
  class space    used 7316K, capacity 7714K, committed 7808K, reserved 1048576K
}
Event: 26.213 GC heap before
{Heap before GC invocations=18 (full 3):
 PSYoungGen      total 289792K, used 289773K [0x00000000d6180000, 0x00000000eeb80000, 0x0000000100000000)
  eden space 218624K, 100% used [0x00000000d6180000,0x00000000e3700000,0x00000000e3700000)
  from space 71168K, 99% used [0x00000000e8980000,0x00000000ecefb798,0x00000000ecf00000)
  to   space 84480K, 0% used [0x00000000e3700000,0x00000000e3700000,0x00000000e8980000)
 ParOldGen       total 254976K, used 116393K [0x0000000082400000, 0x0000000091d00000, 0x00000000d6180000)
  object space 254976K, 45% used [0x0000000082400000,0x00000000895aa5c8,0x0000000091d00000)
 Metaspace       used 64057K, capacity 65705K, committed 65920K, reserved 1107968K
  class space    used 7326K, capacity 7714K, committed 7808K, reserved 1048576K
Event: 26.281 GC heap after
Heap after GC invocations=18 (full 3):
 PSYoungGen      total 303104K, used 84464K [0x00000000d6180000, 0x00000000f2900000, 0x0000000100000000)
  eden space 218624K, 0% used [0x00000000d6180000,0x00000000d6180000,0x00000000e3700000)
  from space 84480K, 99% used [0x00000000e3700000,0x00000000e897c1c8,0x00000000e8980000)
  to   space 101376K, 0% used [0x00000000ec600000,0x00000000ec600000,0x00000000f2900000)
 ParOldGen       total 254976K, used 126663K [0x0000000082400000, 0x0000000091d00000, 0x00000000d6180000)
  object space 254976K, 49% used [0x0000000082400000,0x0000000089fb1c20,0x0000000091d00000)
 Metaspace       used 64057K, capacity 65705K, committed 65920K, reserved 1107968K
  class space    used 7326K, capacity 7714K, committed 7808K, reserved 1048576K
}
Event: 29.195 GC heap before
{Heap before GC invocations=19 (full 3):
 PSYoungGen      total 303104K, used 303088K [0x00000000d6180000, 0x00000000f2900000, 0x0000000100000000)
  eden space 218624K, 100% used [0x00000000d6180000,0x00000000e3700000,0x00000000e3700000)
  from space 84480K, 99% used [0x00000000e3700000,0x00000000e897c1c8,0x00000000e8980000)
  to   space 101376K, 0% used [0x00000000ec600000,0x00000000ec600000,0x00000000f2900000)
 ParOldGen       total 254976K, used 126663K [0x0000000082400000, 0x0000000091d00000, 0x00000000d6180000)
  object space 254976K, 49% used [0x0000000082400000,0x0000000089fb1c20,0x0000000091d00000)
 Metaspace       used 64662K, capacity 66379K, committed 66560K, reserved 1107968K
  class space    used 7436K, capacity 7811K, committed 7936K, reserved 1048576K
Event: 29.309 GC heap after
Heap after GC invocations=19 (full 3):
 PSYoungGen      total 359936K, used 71712K [0x00000000d6180000, 0x00000000f3900000, 0x0000000100000000)
  eden space 258560K, 0% used [0x00000000d6180000,0x00000000d6180000,0x00000000e5e00000)
  from space 101376K, 70% used [0x00000000ec600000,0x00000000f0c08308,0x00000000f2900000)
  to   space 106496K, 0% used [0x00000000e5e00000,0x00000000e5e00000,0x00000000ec600000)
 ParOldGen       total 254976K, used 159537K [0x0000000082400000, 0x0000000091d00000, 0x00000000d6180000)
  object space 254976K, 62% used [0x0000000082400000,0x000000008bfcc700,0x0000000091d00000)
 Metaspace       used 64662K, capacity 66379K, committed 66560K, reserved 1107968K
  class space    used 7436K, capacity 7811K, committed 7936K, reserved 1048576K
}
Event: 31.878 GC heap before
{Heap before GC invocations=20 (full 3):
 PSYoungGen      total 359936K, used 330272K [0x00000000d6180000, 0x00000000f3900000, 0x0000000100000000)
  eden space 258560K, 100% used [0x00000000d6180000,0x00000000e5e00000,0x00000000e5e00000)
  from space 101376K, 70% used [0x00000000ec600000,0x00000000f0c08308,0x00000000f2900000)
  to   space 106496K, 0% used [0x00000000e5e00000,0x00000000e5e00000,0x00000000ec600000)
 ParOldGen       total 254976K, used 159537K [0x0000000082400000, 0x0000000091d00000, 0x00000000d6180000)
  object space 254976K, 62% used [0x0000000082400000,0x000000008bfcc700,0x0000000091d00000)
 Metaspace       used 65199K, capacity 66919K, committed 67072K, reserved 1107968K
  class space    used 7478K, capacity 7879K, committed 7936K, reserved 1048576K
Event: 31.947 GC heap after
Heap after GC invocations=20 (full 3):
 PSYoungGen      total 365056K, used 89198K [0x00000000d6180000, 0x00000000f3900000, 0x0000000100000000)
  eden space 258560K, 0% used [0x00000000d6180000,0x00000000d6180000,0x00000000e5e00000)
  from space 106496K, 83% used [0x00000000e5e00000,0x00000000eb51b8c0,0x00000000ec600000)
  to   space 101376K, 0% used [0x00000000ec600000,0x00000000ec600000,0x00000000f2900000)
 ParOldGen       total 254976K, used 159545K [0x0000000082400000, 0x0000000091d00000, 0x00000000d6180000)
  object space 254976K, 62% used [0x0000000082400000,0x000000008bfce700,0x0000000091d00000)
 Metaspace       used 65199K, capacity 66919K, committed 67072K, reserved 1107968K
  class space    used 7478K, capacity 7879K, committed 7936K, reserved 1048576K
}
Event: 34.637 GC heap before
{Heap before GC invocations=21 (full 3):
 PSYoungGen      total 365056K, used 347758K [0x00000000d6180000, 0x00000000f3900000, 0x0000000100000000)
  eden space 258560K, 100% used [0x00000000d6180000,0x00000000e5e00000,0x00000000e5e00000)
  from space 106496K, 83% used [0x00000000e5e00000,0x00000000eb51b8c0,0x00000000ec600000)
  to   space 101376K, 0% used [0x00000000ec600000,0x00000000ec600000,0x00000000f2900000)
 ParOldGen       total 254976K, used 159545K [0x0000000082400000, 0x0000000091d00000, 0x00000000d6180000)
  object space 254976K, 62% used [0x0000000082400000,0x000000008bfce700,0x0000000091d00000)
 Metaspace       used 72884K, capacity 74769K, committed 74880K, reserved 1116160K
  class space    used 8140K, capacity 8550K, committed 8576K, reserved 1048576K
Event: 34.709 GC heap after
Heap after GC invocations=21 (full 3):
 PSYoungGen      total 359936K, used 99526K [0x00000000d6180000, 0x00000000f3900000, 0x0000000100000000)
  eden space 258560K, 0% used [0x00000000d6180000,0x00000000d6180000,0x00000000e5e00000)
  from space 101376K, 98% used [0x00000000ec600000,0x00000000f2731818,0x00000000f2900000)
  to   space 106496K, 0% used [0x00000000e5e00000,0x00000000e5e00000,0x00000000ec600000)
 ParOldGen       total 254976K, used 159553K [0x0000000082400000, 0x0000000091d00000, 0x00000000d6180000)
  object space 254976K, 62% used [0x0000000082400000,0x000000008bfd0700,0x0000000091d00000)
 Metaspace       used 72884K, capacity 74769K, committed 74880K, reserved 1116160K
  class space    used 8140K, capacity 8550K, committed 8576K, reserved 1048576K
}

